<?xml version="1.0" encoding="UTF-8"?>
<!-- Generated by org.testng.reporters.JUnitXMLReporter -->
<testsuite hostname="DESKTOP-GG6P3L9" name="Default test" tests="4" failures="0" timestamp="8 Dec 2020 14:51:16 GMT" time="87.284" errors="0">
  <testcase name="runScenario" time="23.127" classname="test_Runner.Test_runner_cucumber"/>
  <testcase name="runScenario" time="20.099" classname="test_Runner.Test_runner_cucumber"/>
  <testcase name="runScenario" time="22.877" classname="test_Runner.Test_runner_cucumber"/>
  <testcase name="runScenario" time="20.639" classname="test_Runner.Test_runner_cucumber"/>
</testsuite> <!-- Default test -->
