<?xml version="1.0" encoding="UTF-8"?>
<!-- Generated by org.testng.reporters.JUnitXMLReporter -->
<testsuite hostname="DESKTOP-GG6P3L9" name="Default test" tests="4" failures="0" timestamp="8 Dec 2020 16:55:46 GMT" time="76.402" errors="0">
  <testcase name="runScenario" time="21.478" classname="test_Runner.Test_runner_cucumber"/>
  <testcase name="runScenario" time="17.117" classname="test_Runner.Test_runner_cucumber"/>
  <testcase name="runScenario" time="17.874" classname="test_Runner.Test_runner_cucumber"/>
  <testcase name="runScenario" time="19.461" classname="test_Runner.Test_runner_cucumber"/>
</testsuite> <!-- Default test -->
