<?xml version="1.0" encoding="UTF-8"?>
<testng-results skipped="0" failed="0" total="4" passed="4">
  <reporter-output>
  </reporter-output>
  <suite name="Default suite" duration-ms="76402" started-at="2020-12-08T16:54:30Z" finished-at="2020-12-08T16:55:46Z">
    <groups>
      <group name="cucumber">
        <method signature="AbstractTestNGCucumberTests.runScenario(cucumber.api.testng.PickleEventWrapper, cucumber.api.testng.CucumberFeatureWrapper)[pri:0, instance:test_Runner.Test_runner_cucumber@43a25848]" name="runScenario" class="cucumber.api.testng.AbstractTestNGCucumberTests"/>
      </group> <!-- cucumber -->
    </groups>
    <test name="Default test" duration-ms="76402" started-at="2020-12-08T16:54:30Z" finished-at="2020-12-08T16:55:46Z">
      <class name="test_Runner.Test_runner_cucumber">
        <test-method status="PASS" signature="setUpClass()[pri:0, instance:test_Runner.Test_runner_cucumber@43a25848]" name="setUpClass" is-config="true" duration-ms="330" started-at="2020-12-08T22:24:30Z" finished-at="2020-12-08T22:24:30Z">
          <reporter-output>
          </reporter-output>
        </test-method> <!-- setUpClass -->
        <test-method status="PASS" signature="runScenario(cucumber.api.testng.PickleEventWrapper, cucumber.api.testng.CucumberFeatureWrapper)[pri:0, instance:test_Runner.Test_runner_cucumber@43a25848]" name="runScenario" duration-ms="21478" started-at="2020-12-08T22:24:30Z" description="Runs Cucumber Scenarios" data-provider="scenarios" finished-at="2020-12-08T22:24:51Z">
          <params>
            <param index="0">
              <value>
                <![CDATA["? Successful login with valid login credentials"]]>
              </value>
            </param>
            <param index="1">
              <value>
                <![CDATA["Login Action"]]>
              </value>
            </param>
          </params>
          <reporter-output>
          </reporter-output>
        </test-method> <!-- runScenario -->
        <test-method status="PASS" signature="runScenario(cucumber.api.testng.PickleEventWrapper, cucumber.api.testng.CucumberFeatureWrapper)[pri:0, instance:test_Runner.Test_runner_cucumber@43a25848]" name="runScenario" duration-ms="17117" started-at="2020-12-08T22:24:51Z" description="Runs Cucumber Scenarios" data-provider="scenarios" finished-at="2020-12-08T22:25:09Z">
          <params>
            <param index="0">
              <value>
                <![CDATA["? Unsuccessful login with invalid login credentials"]]>
              </value>
            </param>
            <param index="1">
              <value>
                <![CDATA["Login Action"]]>
              </value>
            </param>
          </params>
          <reporter-output>
          </reporter-output>
        </test-method> <!-- runScenario -->
        <test-method status="PASS" signature="runScenario(cucumber.api.testng.PickleEventWrapper, cucumber.api.testng.CucumberFeatureWrapper)[pri:0, instance:test_Runner.Test_runner_cucumber@43a25848]" name="runScenario" duration-ms="17874" started-at="2020-12-08T22:25:09Z" description="Runs Cucumber Scenarios" data-provider="scenarios" finished-at="2020-12-08T22:25:26Z">
          <params>
            <param index="0">
              <value>
                <![CDATA["? Unsuccessful login with invalid login credentials"]]>
              </value>
            </param>
            <param index="1">
              <value>
                <![CDATA["Login Action"]]>
              </value>
            </param>
          </params>
          <reporter-output>
          </reporter-output>
        </test-method> <!-- runScenario -->
        <test-method status="PASS" signature="runScenario(cucumber.api.testng.PickleEventWrapper, cucumber.api.testng.CucumberFeatureWrapper)[pri:0, instance:test_Runner.Test_runner_cucumber@43a25848]" name="runScenario" duration-ms="19461" started-at="2020-12-08T22:25:26Z" description="Runs Cucumber Scenarios" data-provider="scenarios" finished-at="2020-12-08T22:25:46Z">
          <params>
            <param index="0">
              <value>
                <![CDATA["? Unsuccessful login with invalid login credentials"]]>
              </value>
            </param>
            <param index="1">
              <value>
                <![CDATA["Login Action"]]>
              </value>
            </param>
          </params>
          <reporter-output>
          </reporter-output>
        </test-method> <!-- runScenario -->
        <test-method status="PASS" signature="tearDownClass()[pri:0, instance:test_Runner.Test_runner_cucumber@43a25848]" name="tearDownClass" is-config="true" duration-ms="62" started-at="2020-12-08T22:25:46Z" finished-at="2020-12-08T22:25:46Z">
          <reporter-output>
          </reporter-output>
        </test-method> <!-- tearDownClass -->
      </class> <!-- test_Runner.Test_runner_cucumber -->
    </test> <!-- Default test -->
  </suite> <!-- Default suite -->
</testng-results>
