<?xml version="1.0" encoding="UTF-8"?>
<testng-results skipped="0" failed="0" total="4" passed="4">
  <reporter-output>
  </reporter-output>
  <suite name="Default suite" duration-ms="87284" started-at="2020-12-08T14:49:48Z" finished-at="2020-12-08T14:51:16Z">
    <groups>
      <group name="cucumber">
        <method signature="AbstractTestNGCucumberTests.runScenario(cucumber.api.testng.PickleEventWrapper, cucumber.api.testng.CucumberFeatureWrapper)[pri:0, instance:test_Runner.Test_runner_cucumber@43a25848]" name="runScenario" class="cucumber.api.testng.AbstractTestNGCucumberTests"/>
      </group> <!-- cucumber -->
    </groups>
    <test name="Default test" duration-ms="87284" started-at="2020-12-08T14:49:48Z" finished-at="2020-12-08T14:51:16Z">
      <class name="test_Runner.Test_runner_cucumber">
        <test-method status="PASS" signature="setUpClass()[pri:0, instance:test_Runner.Test_runner_cucumber@43a25848]" name="setUpClass" is-config="true" duration-ms="301" started-at="2020-12-08T20:19:48Z" finished-at="2020-12-08T20:19:49Z">
          <reporter-output>
          </reporter-output>
        </test-method> <!-- setUpClass -->
        <test-method status="PASS" signature="runScenario(cucumber.api.testng.PickleEventWrapper, cucumber.api.testng.CucumberFeatureWrapper)[pri:0, instance:test_Runner.Test_runner_cucumber@43a25848]" name="runScenario" duration-ms="23127" started-at="2020-12-08T20:19:49Z" description="Runs Cucumber Scenarios" data-provider="scenarios" finished-at="2020-12-08T20:20:12Z">
          <params>
            <param index="0">
              <value>
                <![CDATA["? Successful login with valid login credentials"]]>
              </value>
            </param>
            <param index="1">
              <value>
                <![CDATA["Login Action"]]>
              </value>
            </param>
          </params>
          <reporter-output>
          </reporter-output>
        </test-method> <!-- runScenario -->
        <test-method status="PASS" signature="runScenario(cucumber.api.testng.PickleEventWrapper, cucumber.api.testng.CucumberFeatureWrapper)[pri:0, instance:test_Runner.Test_runner_cucumber@43a25848]" name="runScenario" duration-ms="20099" started-at="2020-12-08T20:20:12Z" description="Runs Cucumber Scenarios" data-provider="scenarios" finished-at="2020-12-08T20:20:32Z">
          <params>
            <param index="0">
              <value>
                <![CDATA["? Unsuccessful login with invalid login credentials"]]>
              </value>
            </param>
            <param index="1">
              <value>
                <![CDATA["Login Action"]]>
              </value>
            </param>
          </params>
          <reporter-output>
          </reporter-output>
        </test-method> <!-- runScenario -->
        <test-method status="PASS" signature="runScenario(cucumber.api.testng.PickleEventWrapper, cucumber.api.testng.CucumberFeatureWrapper)[pri:0, instance:test_Runner.Test_runner_cucumber@43a25848]" name="runScenario" duration-ms="22877" started-at="2020-12-08T20:20:32Z" description="Runs Cucumber Scenarios" data-provider="scenarios" finished-at="2020-12-08T20:20:55Z">
          <params>
            <param index="0">
              <value>
                <![CDATA["? Unsuccessful login with invalid login credentials"]]>
              </value>
            </param>
            <param index="1">
              <value>
                <![CDATA["Login Action"]]>
              </value>
            </param>
          </params>
          <reporter-output>
          </reporter-output>
        </test-method> <!-- runScenario -->
        <test-method status="PASS" signature="runScenario(cucumber.api.testng.PickleEventWrapper, cucumber.api.testng.CucumberFeatureWrapper)[pri:0, instance:test_Runner.Test_runner_cucumber@43a25848]" name="runScenario" duration-ms="20639" started-at="2020-12-08T20:20:55Z" description="Runs Cucumber Scenarios" data-provider="scenarios" finished-at="2020-12-08T20:21:15Z">
          <params>
            <param index="0">
              <value>
                <![CDATA["? Unsuccessful login with invalid login credentials"]]>
              </value>
            </param>
            <param index="1">
              <value>
                <![CDATA["Login Action"]]>
              </value>
            </param>
          </params>
          <reporter-output>
          </reporter-output>
        </test-method> <!-- runScenario -->
        <test-method status="PASS" signature="tearDownClass()[pri:0, instance:test_Runner.Test_runner_cucumber@43a25848]" name="tearDownClass" is-config="true" duration-ms="125" started-at="2020-12-08T20:21:15Z" finished-at="2020-12-08T20:21:16Z">
          <reporter-output>
          </reporter-output>
        </test-method> <!-- tearDownClass -->
      </class> <!-- test_Runner.Test_runner_cucumber -->
    </test> <!-- Default test -->
  </suite> <!-- Default suite -->
</testng-results>
